#
# There is insufficient memory for the Java Runtime Environment to continue.
# Native memory allocation (mmap) failed to map 132120576 bytes for Failed to commit area from 0x0000000082e00000 to 0x000000008ac00000 of length 132120576.
# Possible reasons:
#   The system is out of physical RAM or swap space
#   The process is running with CompressedOops enabled, and the Java Heap may be blocking the growth of the native heap
# Possible solutions:
#   Reduce memory load on the system
#   Increase physical memory or swap space
#   Check if swap backing store is full
#   Decrease Java heap size (-Xmx/-Xms)
#   Decrease number of Java threads
#   Decrease Java thread stack sizes (-Xss)
#   Set larger code cache with -XX:ReservedCodeCacheSize=
# This output file may be truncated or incomplete.
#
#  Out of Memory Error (./open/src/hotspot/os/windows/os_windows.cpp:3275), pid=23104, tid=3004
#
# JRE version:  (11.0.8+10) (build )
# Java VM: Java HotSpot(TM) 64-Bit Server VM (11.0.8+10-LTS, mixed mode, sharing, tiered, compressed oops, g1 gc, windows-amd64)
# No core dump will be written. Minidumps are not enabled by default on client versions of Windows
#

---------------  S U M M A R Y ------------

Command Line: -Djava.library.path=C:\Users\Felipe\Downloads\opencv\build\java\x64 -Dfile.encoding=Cp1252 br.com.reconhecimentoImagem.main.Decomposicao

Host: Intel(R) Core(TM) i5-3230M CPU @ 2.60GHz, 4 cores, 7G,  Windows 10 , 64 bit Build 17763 (10.0.17763.475)
Time: Tue Oct 20 22:54:19 2020 Hora oficial do Brasil elapsed time: 0 seconds (0d 0h 0m 0s)

---------------  T H R E A D  ---------------

Current thread (0x0000022ed4cba000):  JavaThread "Unknown thread" [_thread_in_vm, id=3004, stack(0x000000b721300000,0x000000b721400000)]

Stack: [0x000000b721300000,0x000000b721400000]
Native frames: (J=compiled Java code, j=interpreted, Vv=VM code, C=native code)
V  [jvm.dll+0x601aea]
V  [jvm.dll+0x737fef]
V  [jvm.dll+0x739675]
V  [jvm.dll+0x739cf3]
V  [jvm.dll+0x242848]
V  [jvm.dll+0x5fef8a]
V  [jvm.dll+0x5f3eb5]
V  [jvm.dll+0x2f651c]
V  [jvm.dll+0x2f63a2]
V  [jvm.dll+0x2fb056]
V  [jvm.dll+0x33ce9f]
V  [jvm.dll+0x33c8d0]
V  [jvm.dll+0x2d4768]
V  [jvm.dll+0x2d58c6]
V  [jvm.dll+0x713e67]
V  [jvm.dll+0x71570f]
V  [jvm.dll+0x349c19]
V  [jvm.dll+0x6f97f0]
V  [jvm.dll+0x3b2a5f]
V  [jvm.dll+0x3b4e81]
C  [jli.dll+0x5213]
C  [ucrtbase.dll+0x2268a]
C  [KERNEL32.DLL+0x17974]
C  [ntdll.dll+0x6a271]


---------------  P R O C E S S  ---------------

Threads class SMR info:
_java_thread_list=0x0000022ed2c08b10, length=0, elements={
}

Java Threads: ( => current thread )

Other Threads:
  0x0000022ed4ccf000 GCTaskThread "GC Thread#0" [stack: 0x000000b721400000,0x000000b721500000] [id=17496]
  0x0000022ed4cff800 ConcurrentGCThread "G1 Main Marker" [stack: 0x000000b721500000,0x000000b721600000] [id=21092]
  0x0000022ed4d06000 ConcurrentGCThread "G1 Conc#0" [stack: 0x000000b721600000,0x000000b721700000] [id=26160]

[error occurred during error reporting (printing all threads), id 0xc0000005, EXCEPTION_ACCESS_VIOLATION (0xc0000005) at pc=0x00007ffa32c52f67]

VM state:not at safepoint (not fully initialized)

VM Mutex/Monitor currently owned by a thread:  ([mutex/lock_event])
[0x0000022ed4cb6950] Heap_lock - owner thread: 0x0000022ed4cba000

Heap address: 0x0000000082e00000, size: 2002 MB, Compressed Oops mode: Non-zero based: 0x0000000082e00000
Narrow klass base: 0x0000000000000000, Narrow klass shift: 0

GC Heap History (0 events):
No events

Deoptimization events (0 events):
No events

Classes redefined (0 events):
No events

Internal exceptions (0 events):
No events

Events (0 events):
No events


Dynamic libraries:
0x00007ff684050000 - 0x00007ff68405f000 	C:\Program Files\Java\jdk-11.0.8\bin\javaw.exe
0x00007ffa6ab00000 - 0x00007ffa6aced000 	C:\Windows\SYSTEM32\ntdll.dll
0x00007ffa68540000 - 0x00007ffa685f3000 	C:\Windows\System32\KERNEL32.DLL
0x00007ffa67780000 - 0x00007ffa67a15000 	C:\Windows\System32\KERNELBASE.dll
0x00007ffa66bd0000 - 0x00007ffa66cca000 	C:\Windows\System32\ucrtbase.dll
0x00007ffa616d0000 - 0x00007ffa616e8000 	C:\Program Files\Java\jdk-11.0.8\bin\jli.dll
0x00007ffa6aa20000 - 0x00007ffa6aac3000 	C:\Windows\System32\ADVAPI32.dll
0x00007ffa690b0000 - 0x00007ffa6914e000 	C:\Windows\System32\msvcrt.dll
0x00007ffa68260000 - 0x00007ffa682fe000 	C:\Windows\System32\sechost.dll
0x00007ffa68600000 - 0x00007ffa68722000 	C:\Windows\System32\RPCRT4.dll
0x00007ffa6a730000 - 0x00007ffa6a8c7000 	C:\Windows\System32\USER32.dll
0x00007ffa67ad0000 - 0x00007ffa67af0000 	C:\Windows\System32\win32u.dll
0x00007ffa68b00000 - 0x00007ffa68b29000 	C:\Windows\System32\GDI32.dll
0x00007ffa67b50000 - 0x00007ffa67cec000 	C:\Windows\System32\gdi32full.dll
0x00007ffa67610000 - 0x00007ffa676b0000 	C:\Windows\System32\msvcp_win.dll
0x00007ffa616f0000 - 0x00007ffa61705000 	C:\Program Files\Java\jdk-11.0.8\bin\VCRUNTIME140.dll
0x00007ffa5e520000 - 0x00007ffa5e799000 	C:\Windows\WinSxS\amd64_microsoft.windows.common-controls_6595b64144ccf1df_6.0.17763.1518_none_de6e2bd0534e2567\COMCTL32.dll
0x00007ffa68d80000 - 0x00007ffa690ad000 	C:\Windows\System32\combase.dll
0x00007ffa67700000 - 0x00007ffa6777e000 	C:\Windows\System32\bcryptPrimitives.dll
0x00007ffa5cff0000 - 0x00007ffa5cffa000 	C:\Windows\SYSTEM32\VERSION.dll
0x00007ffa68960000 - 0x00007ffa6898e000 	C:\Windows\System32\IMM32.DLL
0x00007ffa56f80000 - 0x00007ffa5701b000 	C:\Program Files\Java\jdk-11.0.8\bin\msvcp140.dll
0x00007ffa32970000 - 0x00007ffa33456000 	C:\Program Files\Java\jdk-11.0.8\bin\server\jvm.dll
0x00007ffa67dd0000 - 0x00007ffa67dd8000 	C:\Windows\System32\PSAPI.DLL
0x00007ffa62cf0000 - 0x00007ffa62cf9000 	C:\Windows\SYSTEM32\WSOCK32.dll
0x00007ffa68300000 - 0x00007ffa6836d000 	C:\Windows\System32\WS2_32.dll
0x00007ffa590c0000 - 0x00007ffa590e4000 	C:\Windows\SYSTEM32\WINMM.dll
0x00007ffa59090000 - 0x00007ffa590bd000 	C:\Windows\SYSTEM32\winmmbase.dll
0x00007ffa676b0000 - 0x00007ffa676fa000 	C:\Windows\System32\cfgmgr32.dll
0x00007ffa66ae0000 - 0x00007ffa66af1000 	C:\Windows\System32\kernel.appcore.dll
0x00007ffa62990000 - 0x00007ffa629a0000 	C:\Program Files\Java\jdk-11.0.8\bin\verify.dll
0x00007ffa61920000 - 0x00007ffa61b0d000 	C:\Windows\SYSTEM32\DBGHELP.DLL
0x00007ffa61000000 - 0x00007ffa6102a000 	C:\Windows\SYSTEM32\dbgcore.DLL
0x00007ffa616a0000 - 0x00007ffa616c8000 	C:\Program Files\Java\jdk-11.0.8\bin\java.dll
0x00007ffa62660000 - 0x00007ffa6266a000 	C:\Program Files\Java\jdk-11.0.8\bin\jimage.dll
0x00007ffa5f9d0000 - 0x00007ffa5f9e6000 	C:\Program Files\Java\jdk-11.0.8\bin\zip.dll

dbghelp: loaded successfully - version: 4.0.5 - missing functions: none
symbol engine: initialized successfully - sym options: 0x614 - pdb path: .;C:\Program Files\Java\jdk-11.0.8\bin;C:\Windows\SYSTEM32;C:\Windows\WinSxS\amd64_microsoft.windows.common-controls_6595b64144ccf1df_6.0.17763.1518_none_de6e2bd0534e2567;C:\Program Files\Java\jdk-11.0.8\bin\server

VM Arguments:
jvm_args: -Djava.library.path=C:\Users\Felipe\Downloads\opencv\build\java\x64 -Dfile.encoding=Cp1252 
java_command: br.com.reconhecimentoImagem.main.Decomposicao
java_class_path (initial): C:\Users\Felipe\Documents\GitHub\TCC\ReconhecimentoDeImagem\build\classes;C:\Users\Felipe\Documents\GitHub\TCC\ReconhecimentoDeImagem\WebContent\WEB-INF\lib\commons-beanutils-1.9.2.jar;C:\Users\Felipe\Documents\GitHub\TCC\ReconhecimentoDeImagem\WebContent\WEB-INF\lib\commons-io-2.6.jar;C:\Users\Felipe\Documents\GitHub\TCC\ReconhecimentoDeImagem\WebContent\WEB-INF\lib\commons-logging-1.2.jar;C:\Users\Felipe\Documents\GitHub\TCC\ReconhecimentoDeImagem\WebContent\WEB-INF\lib\fontbox-2.0.9.jar;C:\Users\Felipe\Documents\GitHub\TCC\ReconhecimentoDeImagem\WebContent\WEB-INF\lib\ghost4j-1.0.1.jar;C:\Users\Felipe\Documents\GitHub\TCC\ReconhecimentoDeImagem\WebContent\WEB-INF\lib\hamcrest-core-1.3.jar;C:\Users\Felipe\Documents\GitHub\TCC\ReconhecimentoDeImagem\WebContent\WEB-INF\lib\itext-2.1.7.jar;C:\Users\Felipe\Documents\GitHub\TCC\ReconhecimentoDeImagem\WebContent\WEB-INF\lib\jai-imageio-core-1.4.0.jar;C:\Users\Felipe\Documents\GitHub\TCC\ReconhecimentoDeImagem\WebContent\WEB-INF\lib\jbig2-imageio-3.0.0.jar;C:\Users\Felipe\Documents\GitHub\TCC\ReconhecimentoDeImagem\WebContent\WEB-INF\lib\jboss-vfs-3.2.12.Final.jar;C:\Users\Felipe\Documents\GitHub\TCC\ReconhecimentoDeImagem\WebContent\WEB-INF\lib\jcl-over-slf4j-1.7.25.jar;C:\Users\Felipe\Documents\GitHub\TCC\ReconhecimentoDeImagem\WebContent\WEB-INF\lib\jna-4.1.0.jar;C:\Users\Felipe\Documents\GitHub\TCC\ReconhecimentoDeImagem\WebContent\WEB-INF\lib\jul-to-slf4j-1.7.25.jar;C:\Users\Felipe\Documents\GitHub\TCC\ReconhecimentoDeImagem\WebContent\WEB-INF\lib\junit-4.12.jar;C:\Users\Felipe\Documents\GitHub\TCC\ReconhecimentoDeImagem\WebContent\WEB-INF\lib\lept4j-1.6.4.jar;C:\Users\Felipe\Documents\GitHub\TCC\ReconhecimentoDeImagem\WebContent\WEB-INF\lib\log4j-1.2.17.jar;C:\Users\Felipe\Documents\GitHub\TCC\ReconhecimentoDeImagem\WebContent\WEB-INF\lib\log4j-over-slf4j-1.7.25.jar;C:\Users\Felipe\Documents\GitHub\TCC\ReconhecimentoDeImagem\WebContent\WEB-INF\lib\logback-classic-1.2.3.jar;C:\Users\Feli
Launcher Type: SUN_STANDARD

[Global flags]
     intx CICompilerCount                          = 3                                         {product} {ergonomic}
     uint ConcGCThreads                            = 1                                         {product} {ergonomic}
     uint G1ConcRefinementThreads                  = 4                                         {product} {ergonomic}
   size_t G1HeapRegionSize                         = 1048576                                   {product} {ergonomic}
    uintx GCDrainStackTargetSize                   = 64                                        {product} {ergonomic}
   size_t InitialHeapSize                          = 132120576                                 {product} {ergonomic}
   size_t MarkStackSize                            = 4194304                                   {product} {ergonomic}
   size_t MaxHeapSize                              = 2099249152                                {product} {ergonomic}
   size_t MinHeapDeltaBytes                        = 1048576                                   {product} {ergonomic}
    uintx NonNMethodCodeHeapSize                   = 5830732                                {pd product} {ergonomic}
    uintx NonProfiledCodeHeapSize                  = 122913754                              {pd product} {ergonomic}
    uintx ProfiledCodeHeapSize                     = 122913754                              {pd product} {ergonomic}
    uintx ReservedCodeCacheSize                    = 251658240                              {pd product} {ergonomic}
     bool SegmentedCodeCache                       = true                                      {product} {ergonomic}
     bool UseCompressedClassPointers               = true                                 {lp64_product} {ergonomic}
     bool UseCompressedOops                        = true                                 {lp64_product} {ergonomic}
     bool UseG1GC                                  = true                                      {product} {ergonomic}
     bool UseLargePagesIndividualAllocation        = false                                  {pd product} {ergonomic}

Logging:
Log output configuration:
 #0: stdout all=warning uptime,level,tags
 #1: stderr all=off uptime,level,tags

Environment Variables:
PATH=C:\Program Files\Common Files\Oracle\Java\javapath;C:\Windows\system32;C:\Windows;C:\Windows\System32\Wbem;C:\Windows\System32\WindowsPowerShell\v1.0\;C:\Windows\System32\OpenSSH\;C:\Program Files\Git\cmd;C:\Program Files (x86)\Tesseract-OCR;C:\Program Files\MySQL\MySQL Shell 8.0\bin\;C:\Users\Felipe\AppData\Local\Microsoft\WindowsApps;C:\Users\Felipe\AppData\Local\Programs\Microsoft VS Code\bin;C:\Users\Felipe\AppData\Local\GitHubDesktop\bin
USERNAME=Felipe
OS=Windows_NT
PROCESSOR_IDENTIFIER=Intel64 Family 6 Model 58 Stepping 9, GenuineIntel



---------------  S Y S T E M  ---------------

OS: Windows 10 , 64 bit Build 17763 (10.0.17763.475)

CPU:total 4 (initial active 4) (2 cores per cpu, 2 threads per core) family 6 model 58 stepping 9, cmov, cx8, fxsr, mmx, sse, sse2, sse3, ssse3, sse4.1, sse4.2, popcnt, avx, aes, clmul, erms, ht, tsc, tscinvbit, tscinv

Memory: 4k page, system-wide physical 8007M (1443M free)
TotalPageFile size 32583M (AvailPageFile size 46M)
current process WorkingSet (physical memory assigned to process): 9M, peak: 9M
current process commit charge ("private bytes"): 51M, peak: 177M

vm_info: Java HotSpot(TM) 64-Bit Server VM (11.0.8+10-LTS) for windows-amd64 JRE (11.0.8+10-LTS), built on Jun 16 2020 05:53:08 by "mach5one" with unknown MS VC++:1916

END.
